TN:
SF:F:\SimpleSwapDApp\hardhat\contracts\ContractsMaliciousReceiver.sol
FN:10,executeWithdraw
FNF:1
FNH:1
FNDA:2,executeWithdraw
DA:7,1
DA:11,2
DA:15,2
DA:16,1
LF:4
LH:4
BRDA:15,1,0,1
BRDA:15,1,1,1
BRF:2
BRH:2
end_of_record
TN:
SF:F:\SimpleSwapDApp\hardhat\contracts\ISimpleSwap.sol
FNF:0
FNH:0
LF:0
LH:0
BRF:0
BRH:0
end_of_record
TN:
SF:F:\SimpleSwapDApp\hardhat\contracts\MyTokenA.sol
FN:38,constructor
FN:47,mint
FN:57,faucet
FNF:3
FNH:1
FNDA:40,constructor
FNDA:0,mint
FNDA:0,faucet
DA:40,40
DA:48,0
DA:58,0
DA:64,0
DA:67,0
LF:5
LH:1
BRDA:47,1,0,0
BRDA:47,1,1,0
BRDA:58,2,0,0
BRDA:58,2,1,0
BRF:4
BRH:0
end_of_record
TN:
SF:F:\SimpleSwapDApp\hardhat\contracts\MyTokenB.sol
FN:39,constructor
FN:48,mint
FN:58,faucet
FNF:3
FNH:1
FNDA:39,constructor
FNDA:0,mint
FNDA:0,faucet
DA:41,39
DA:49,0
DA:59,0
DA:65,0
DA:68,0
LF:5
LH:1
BRDA:48,1,0,0
BRDA:48,1,1,0
BRDA:59,2,0,0
BRDA:59,2,1,0
BRF:4
BRH:0
end_of_record
TN:
SF:F:\SimpleSwapDApp\hardhat\contracts\SimpleSwap.sol
FN:118,checkDeadline
FN:132,constructor
FN:163,addLiquidity
FN:230,removeLiquidity
FN:280,swapExactTokensForTokens
FN:324,getAmountOut
FN:345,getPrice
FN:362,getReserves
FN:378,_sortTokens
FN:396,_getReservesByTokens
FN:418,_updateReserves
FN:449,_calculateOptimalAmounts
FN:487,_mintLiquidityTokens
FN:533,withdrawETH
FN:549,recoverERC20
FNF:15
FNH:15
FNDA:58,checkDeadline
FNDA:44,constructor
FNDA:44,addLiquidity
FNDA:6,removeLiquidity
FNDA:7,swapExactTokensForTokens
FNDA:12,getAmountOut
FNDA:3,getPrice
FNDA:5,getReserves
FNDA:110,_sortTokens
FNDA:66,_getReservesByTokens
FNDA:44,_updateReserves
FNDA:43,_calculateOptimalAmounts
FNDA:40,_mintLiquidityTokens
FNDA:3,withdrawETH
FNDA:4,recoverERC20
DA:119,58
DA:120,57
DA:167,44
DA:171,43
DA:173,43
DA:182,41
DA:183,40
DA:185,40
DA:195,39
DA:197,39
DA:233,6
DA:234,2
DA:237,4
DA:241,4
DA:243,4
DA:244,4
DA:246,4
DA:247,3
DA:249,2
DA:252,2
DA:254,2
DA:255,2
DA:257,2
DA:281,7
DA:282,6
DA:283,6
DA:286,6
DA:291,6
DA:292,4
DA:293,1
DA:295,3
DA:298,3
DA:305,3
DA:307,3
DA:329,12
DA:330,10
DA:331,3
DA:332,7
DA:333,7
DA:334,7
DA:349,3
DA:353,3
DA:354,2
DA:366,5
DA:382,110
DA:383,109
DA:400,66
DA:401,65
DA:404,65
DA:424,44
DA:425,44
DA:427,44
DA:431,44
DA:432,44
DA:457,43
DA:458,38
DA:460,5
DA:461,5
DA:462,3
DA:463,1
DA:464,2
DA:466,2
DA:467,2
DA:468,1
DA:469,1
DA:495,40
DA:497,38
DA:498,38
DA:499,1
DA:502,37
DA:505,2
DA:506,2
DA:507,2
DA:510,39
DA:513,39
DA:534,3
DA:535,3
DA:536,2
DA:537,2
DA:550,4
DA:552,4
DA:553,4
DA:554,2
DA:556,1
DA:561,1
DA:564,3
DA:566,3
DA:567,1
DA:570,2
DA:572,2
LF:90
LH:90
BRDA:119,1,0,1
BRDA:119,1,1,57
BRDA:163,2,0,44
BRDA:163,2,1,0
BRDA:230,3,0,6
BRDA:230,3,1,0
BRDA:233,4,0,2
BRDA:233,4,1,4
BRDA:233,5,0,1
BRDA:233,5,1,1
BRDA:246,6,0,1
BRDA:246,6,1,3
BRDA:247,7,0,1
BRDA:247,7,1,2
BRDA:280,8,0,7
BRDA:280,8,1,1
BRDA:281,9,0,1
BRDA:281,9,1,6
BRDA:292,10,0,1
BRDA:292,10,1,3
BRDA:329,11,0,2
BRDA:329,11,1,10
BRDA:330,12,0,3
BRDA:330,12,1,7
BRDA:330,13,0,3
BRDA:330,13,1,0
BRDA:353,14,0,1
BRDA:353,14,1,2
BRDA:382,15,0,1
BRDA:382,15,1,109
BRDA:384,16,0,50
BRDA:384,16,1,59
BRDA:405,17,0,29
BRDA:405,17,1,36
BRDA:428,18,0,21
BRDA:428,18,1,23
BRDA:457,19,0,38
BRDA:457,19,1,5
BRDA:461,20,0,3
BRDA:461,20,1,2
BRDA:462,21,0,1
BRDA:462,21,1,2
BRDA:467,22,0,1
BRDA:467,22,1,1
BRDA:495,23,0,38
BRDA:495,23,1,2
BRDA:498,24,0,1
BRDA:498,24,1,37
BRDA:507,25,0,0
BRDA:507,25,1,2
BRDA:510,26,0,0
BRDA:510,26,1,39
BRDA:533,27,0,3
BRDA:533,27,1,1
BRDA:535,28,0,1
BRDA:535,28,1,2
BRDA:537,29,0,1
BRDA:537,29,1,1
BRDA:549,30,0,4
BRDA:549,30,1,1
BRDA:553,31,0,2
BRDA:553,31,1,2
BRDA:555,32,0,1
BRDA:555,32,1,1
BRDA:566,33,0,1
BRDA:566,33,1,2
BRF:66
BRH:61
end_of_record
TN:
SF:F:\SimpleSwapDApp\hardhat\contracts\SuccessResponse.sol
FN:20,withdrawETH
FNF:1
FNH:1
FNDA:1,withdrawETH
LF:0
LH:0
BRF:0
BRH:0
end_of_record
