TN:
SF:F:\SimpleSwapDApp\hardhat\contracts\ContractsMaliciousReceiver.sol
FN:10,executeWithdraw
FNF:1
FNH:1
FNDA:2,executeWithdraw
DA:7,1
DA:11,2
DA:15,2
DA:16,1
LF:4
LH:4
BRDA:15,1,0,1
BRDA:15,1,1,1
BRF:2
BRH:2
end_of_record
TN:
SF:F:\SimpleSwapDApp\hardhat\contracts\ISimpleSwap.sol
FNF:0
FNH:0
LF:0
LH:0
BRF:0
BRH:0
end_of_record
TN:
SF:F:\SimpleSwapDApp\hardhat\contracts\MyTokenA.sol
FN:38,constructor
FN:47,mint
FN:57,faucet
FNF:3
FNH:1
FNDA:50,constructor
FNDA:0,mint
FNDA:0,faucet
DA:40,50
DA:48,0
DA:58,0
DA:64,0
DA:67,0
LF:5
LH:1
BRDA:47,1,0,0
BRDA:47,1,1,0
BRDA:58,2,0,0
BRDA:58,2,1,0
BRF:4
BRH:0
end_of_record
TN:
SF:F:\SimpleSwapDApp\hardhat\contracts\MyTokenB.sol
FN:39,constructor
FN:48,mint
FN:58,faucet
FNF:3
FNH:1
FNDA:49,constructor
FNDA:0,mint
FNDA:0,faucet
DA:41,49
DA:49,0
DA:59,0
DA:65,0
DA:68,0
LF:5
LH:1
BRDA:48,1,0,0
BRDA:48,1,1,0
BRDA:59,2,0,0
BRDA:59,2,1,0
BRF:4
BRH:0
end_of_record
TN:
SF:F:\SimpleSwapDApp\hardhat\contracts\SimpleSwap.sol
FN:118,checkDeadline
FN:132,constructor
FN:163,addLiquidity
FN:230,removeLiquidity
FN:280,swapExactTokensForTokens
FN:324,getAmountOut
FN:345,getPrice
FN:362,getReserves
FN:378,_sortTokens
FN:396,_getReservesByTokens
FN:418,_updateReserves
FN:449,_calculateOptimalAmounts
FN:487,_mintLiquidityTokens
FN:533,withdrawETH
FN:549,recoverERC20
FNF:15
FNH:15
FNDA:74,checkDeadline
FNDA:55,constructor
FNDA:55,addLiquidity
FNDA:7,removeLiquidity
FNDA:8,swapExactTokensForTokens
FNDA:15,getAmountOut
FNDA:3,getPrice
FNDA:6,getReserves
FNDA:136,_sortTokens
FNDA:80,_getReservesByTokens
FNDA:56,_updateReserves
FNDA:54,_calculateOptimalAmounts
FNDA:51,_mintLiquidityTokens
FNDA:3,withdrawETH
FNDA:4,recoverERC20
DA:119,74
DA:120,70
DA:167,55
DA:171,54
DA:173,54
DA:182,52
DA:183,51
DA:185,51
DA:195,49
DA:197,49
DA:233,7
DA:234,2
DA:237,5
DA:241,5
DA:243,5
DA:244,5
DA:246,5
DA:247,4
DA:249,3
DA:252,3
DA:254,3
DA:255,3
DA:257,3
DA:281,8
DA:282,7
DA:283,7
DA:286,7
DA:291,7
DA:292,5
DA:293,1
DA:295,4
DA:298,4
DA:305,4
DA:307,4
DA:329,15
DA:330,12
DA:331,4
DA:332,8
DA:333,8
DA:334,8
DA:349,3
DA:353,3
DA:354,2
DA:366,6
DA:382,136
DA:383,135
DA:400,80
DA:401,79
DA:404,79
DA:424,56
DA:425,56
DA:427,56
DA:431,56
DA:432,56
DA:457,54
DA:458,47
DA:460,7
DA:461,7
DA:462,5
DA:463,1
DA:464,4
DA:466,2
DA:467,2
DA:468,1
DA:469,1
DA:495,51
DA:497,47
DA:498,47
DA:499,1
DA:502,46
DA:505,4
DA:506,4
DA:507,4
DA:510,50
DA:513,49
DA:534,3
DA:535,3
DA:536,2
DA:537,2
DA:550,4
DA:552,4
DA:553,4
DA:554,2
DA:556,1
DA:561,1
DA:564,3
DA:566,3
DA:567,1
DA:570,2
DA:572,2
LF:90
LH:90
BRDA:119,1,0,4
BRDA:119,1,1,70
BRDA:163,2,0,55
BRDA:163,2,1,1
BRDA:230,3,0,7
BRDA:230,3,1,1
BRDA:233,4,0,2
BRDA:233,4,1,5
BRDA:233,5,0,1
BRDA:233,5,1,1
BRDA:246,6,0,1
BRDA:246,6,1,4
BRDA:247,7,0,1
BRDA:247,7,1,3
BRDA:280,8,0,8
BRDA:280,8,1,2
BRDA:281,9,0,1
BRDA:281,9,1,7
BRDA:292,10,0,1
BRDA:292,10,1,4
BRDA:329,11,0,3
BRDA:329,11,1,12
BRDA:330,12,0,4
BRDA:330,12,1,8
BRDA:330,13,0,4
BRDA:330,13,1,0
BRDA:353,14,0,1
BRDA:353,14,1,2
BRDA:382,15,0,1
BRDA:382,15,1,135
BRDA:384,16,0,72
BRDA:384,16,1,63
BRDA:405,17,0,42
BRDA:405,17,1,37
BRDA:428,18,0,30
BRDA:428,18,1,26
BRDA:457,19,0,47
BRDA:457,19,1,7
BRDA:461,20,0,5
BRDA:461,20,1,2
BRDA:462,21,0,1
BRDA:462,21,1,4
BRDA:467,22,0,1
BRDA:467,22,1,1
BRDA:495,23,0,47
BRDA:495,23,1,4
BRDA:498,24,0,1
BRDA:498,24,1,46
BRDA:507,25,0,0
BRDA:507,25,1,4
BRDA:510,26,0,1
BRDA:510,26,1,49
BRDA:533,27,0,3
BRDA:533,27,1,1
BRDA:535,28,0,1
BRDA:535,28,1,2
BRDA:537,29,0,1
BRDA:537,29,1,1
BRDA:549,30,0,4
BRDA:549,30,1,1
BRDA:553,31,0,2
BRDA:553,31,1,2
BRDA:555,32,0,1
BRDA:555,32,1,1
BRDA:566,33,0,1
BRDA:566,33,1,2
BRF:66
BRH:64
end_of_record
TN:
SF:F:\SimpleSwapDApp\hardhat\contracts\SuccessResponse.sol
FN:20,withdrawETH
FNF:1
FNH:1
FNDA:1,withdrawETH
LF:0
LH:0
BRF:0
BRH:0
end_of_record
